\BOOKMARK [0][-]{chapter.1}{\376\377\0001\000\040\000H\000i\000e\000r\000a\000r\000c\000h\000i\000c\000a\000l\000\040\000I\000n\000d\000e\000x}{}% 1
\BOOKMARK [1][-]{section.1.1}{\376\377\0001\000.\0001\000\040\000C\000l\000a\000s\000s\000\040\000H\000i\000e\000r\000a\000r\000c\000h\000y}{chapter.1}% 2
\BOOKMARK [0][-]{chapter.2}{\376\377\0002\000\040\000C\000l\000a\000s\000s\000\040\000I\000n\000d\000e\000x}{}% 3
\BOOKMARK [1][-]{section.2.1}{\376\377\0002\000.\0001\000\040\000C\000l\000a\000s\000s\000\040\000L\000i\000s\000t}{chapter.2}% 4
\BOOKMARK [0][-]{chapter.3}{\376\377\0003\000\040\000C\000l\000a\000s\000s\000\040\000D\000o\000c\000u\000m\000e\000n\000t\000a\000t\000i\000o\000n}{}% 5
\BOOKMARK [1][-]{section.3.1}{\376\377\0003\000.\0001\000\040\000i\000t\000.\000p\000o\000l\000i\000m\000i\000.\000s\000e\000.\000c\000a\000l\000c\000a\000r\000e\000.\000s\000e\000r\000v\000i\000c\000e\000.\000A\000b\000s\000t\000r\000a\000c\000t\000F\000a\000c\000a\000d\000e\000<\000\040\000T\000\040\000>\000\040\000C\000l\000a\000s\000s\000\040\000T\000e\000m\000p\000l\000a\000t\000e\000\040\000R\000e\000f\000e\000r\000e\000n\000c\000e}{chapter.3}% 6
\BOOKMARK [2][-]{subsection.3.1.1}{\376\377\0003\000.\0001\000.\0001\000\040\000D\000e\000t\000a\000i\000l\000e\000d\000\040\000D\000e\000s\000c\000r\000i\000p\000t\000i\000o\000n}{section.3.1}% 7
\BOOKMARK [1][-]{section.3.2}{\376\377\0003\000.\0002\000\040\000i\000t\000.\000p\000o\000l\000i\000m\000i\000.\000s\000e\000.\000c\000a\000l\000c\000a\000r\000e\000.\000s\000e\000r\000v\000i\000c\000e\000.\000A\000p\000p\000l\000i\000c\000a\000t\000i\000o\000n\000C\000o\000n\000f\000i\000g\000\040\000C\000l\000a\000s\000s\000\040\000R\000e\000f\000e\000r\000e\000n\000c\000e}{chapter.3}% 8
\BOOKMARK [2][-]{subsection.3.2.1}{\376\377\0003\000.\0002\000.\0001\000\040\000D\000e\000t\000a\000i\000l\000e\000d\000\040\000D\000e\000s\000c\000r\000i\000p\000t\000i\000o\000n}{section.3.2}% 9
\BOOKMARK [1][-]{section.3.3}{\376\377\0003\000.\0003\000\040\000i\000t\000.\000p\000o\000l\000i\000m\000i\000.\000s\000e\000.\000c\000a\000l\000c\000a\000r\000e\000.\000a\000u\000t\000h\000.\000A\000u\000t\000h\000F\000i\000l\000t\000e\000r\000\040\000C\000l\000a\000s\000s\000\040\000R\000e\000f\000e\000r\000e\000n\000c\000e}{chapter.3}% 10
\BOOKMARK [2][-]{subsection.3.3.1}{\376\377\0003\000.\0003\000.\0001\000\040\000D\000e\000t\000a\000i\000l\000e\000d\000\040\000D\000e\000s\000c\000r\000i\000p\000t\000i\000o\000n}{section.3.3}% 11
\BOOKMARK [1][-]{section.3.4}{\376\377\0003\000.\0004\000\040\000i\000t\000.\000p\000o\000l\000i\000m\000i\000.\000s\000e\000.\000c\000a\000l\000c\000a\000r\000e\000.\000a\000u\000t\000h\000.\000A\000u\000t\000h\000R\000e\000q\000u\000i\000r\000e\000d\000\040\000I\000n\000t\000e\000r\000f\000a\000c\000e\000\040\000R\000e\000f\000e\000r\000e\000n\000c\000e}{chapter.3}% 12
\BOOKMARK [2][-]{subsection.3.4.1}{\376\377\0003\000.\0004\000.\0001\000\040\000D\000e\000t\000a\000i\000l\000e\000d\000\040\000D\000e\000s\000c\000r\000i\000p\000t\000i\000o\000n}{section.3.4}% 13
\BOOKMARK [1][-]{section.3.5}{\376\377\0003\000.\0005\000\040\000i\000t\000.\000p\000o\000l\000i\000m\000i\000.\000s\000e\000.\000c\000a\000l\000c\000a\000r\000e\000.\000s\000e\000r\000v\000i\000c\000e\000.\000A\000u\000t\000h\000R\000E\000S\000T\000\040\000C\000l\000a\000s\000s\000\040\000R\000e\000f\000e\000r\000e\000n\000c\000e}{chapter.3}% 14
\BOOKMARK [2][-]{subsection.3.5.1}{\376\377\0003\000.\0005\000.\0001\000\040\000D\000e\000t\000a\000i\000l\000e\000d\000\040\000D\000e\000s\000c\000r\000i\000p\000t\000i\000o\000n}{section.3.5}% 15
\BOOKMARK [1][-]{section.3.6}{\376\377\0003\000.\0006\000\040\000i\000t\000.\000p\000o\000l\000i\000m\000i\000.\000s\000e\000.\000c\000a\000l\000c\000a\000r\000e\000.\000e\000n\000t\000i\000t\000i\000e\000s\000.\000C\000a\000l\000e\000n\000d\000a\000r\000\040\000C\000l\000a\000s\000s\000\040\000R\000e\000f\000e\000r\000e\000n\000c\000e}{chapter.3}% 16
\BOOKMARK [2][-]{subsection.3.6.1}{\376\377\0003\000.\0006\000.\0001\000\040\000D\000e\000t\000a\000i\000l\000e\000d\000\040\000D\000e\000s\000c\000r\000i\000p\000t\000i\000o\000n}{section.3.6}% 17
\BOOKMARK [1][-]{section.3.7}{\376\377\0003\000.\0007\000\040\000i\000t\000.\000p\000o\000l\000i\000m\000i\000.\000s\000e\000.\000c\000a\000l\000c\000a\000r\000e\000.\000s\000e\000r\000v\000i\000c\000e\000.\000C\000a\000l\000e\000n\000d\000a\000r\000F\000a\000c\000a\000d\000e\000R\000E\000S\000T\000\040\000C\000l\000a\000s\000s\000\040\000R\000e\000f\000e\000r\000e\000n\000c\000e}{chapter.3}% 18
\BOOKMARK [2][-]{subsection.3.7.1}{\376\377\0003\000.\0007\000.\0001\000\040\000D\000e\000t\000a\000i\000l\000e\000d\000\040\000D\000e\000s\000c\000r\000i\000p\000t\000i\000o\000n}{section.3.7}% 19
\BOOKMARK [1][-]{section.3.8}{\376\377\0003\000.\0008\000\040\000i\000t\000.\000p\000o\000l\000i\000m\000i\000.\000s\000e\000.\000c\000a\000l\000c\000a\000r\000e\000.\000e\000n\000t\000i\000t\000i\000e\000s\000.\000C\000i\000t\000y\000\040\000C\000l\000a\000s\000s\000\040\000R\000e\000f\000e\000r\000e\000n\000c\000e}{chapter.3}% 20
\BOOKMARK [2][-]{subsection.3.8.1}{\376\377\0003\000.\0008\000.\0001\000\040\000D\000e\000t\000a\000i\000l\000e\000d\000\040\000D\000e\000s\000c\000r\000i\000p\000t\000i\000o\000n}{section.3.8}% 21
\BOOKMARK [1][-]{section.3.9}{\376\377\0003\000.\0009\000\040\000i\000t\000.\000p\000o\000l\000i\000m\000i\000.\000s\000e\000.\000c\000a\000l\000c\000a\000r\000e\000.\000s\000e\000r\000v\000i\000c\000e\000.\000C\000r\000o\000n\000J\000o\000b\000\040\000C\000l\000a\000s\000s\000\040\000R\000e\000f\000e\000r\000e\000n\000c\000e}{chapter.3}% 22
\BOOKMARK [2][-]{subsection.3.9.1}{\376\377\0003\000.\0009\000.\0001\000\040\000D\000e\000t\000a\000i\000l\000e\000d\000\040\000D\000e\000s\000c\000r\000i\000p\000t\000i\000o\000n}{section.3.9}% 23
\BOOKMARK [1][-]{section.3.10}{\376\377\0003\000.\0001\0000\000\040\000i\000t\000.\000p\000o\000l\000i\000m\000i\000.\000s\000e\000.\000c\000a\000l\000c\000a\000r\000e\000.\000e\000n\000t\000i\000t\000i\000e\000s\000.\000N\000o\000t\000i\000f\000i\000c\000a\000t\000i\000o\000n\000T\000y\000p\000e\000.\000E\000n\000u\000m\000\040\000E\000n\000u\000m\000\040\000R\000e\000f\000e\000r\000e\000n\000c\000e}{chapter.3}% 24
\BOOKMARK [1][-]{section.3.11}{\376\377\0003\000.\0001\0001\000\040\000i\000t\000.\000p\000o\000l\000i\000m\000i\000.\000s\000e\000.\000c\000a\000l\000c\000a\000r\000e\000.\000e\000n\000t\000i\000t\000i\000e\000s\000.\000E\000v\000e\000n\000t\000\040\000C\000l\000a\000s\000s\000\040\000R\000e\000f\000e\000r\000e\000n\000c\000e}{chapter.3}% 25
\BOOKMARK [2][-]{subsection.3.11.1}{\376\377\0003\000.\0001\0001\000.\0001\000\040\000D\000e\000t\000a\000i\000l\000e\000d\000\040\000D\000e\000s\000c\000r\000i\000p\000t\000i\000o\000n}{section.3.11}% 26
\BOOKMARK [1][-]{section.3.12}{\376\377\0003\000.\0001\0002\000\040\000i\000t\000.\000p\000o\000l\000i\000m\000i\000.\000s\000e\000.\000c\000a\000l\000c\000a\000r\000e\000.\000d\000t\000o\000.\000E\000v\000e\000n\000t\000C\000r\000e\000a\000t\000i\000o\000n\000D\000T\000O\000\040\000C\000l\000a\000s\000s\000\040\000R\000e\000f\000e\000r\000e\000n\000c\000e}{chapter.3}% 27
\BOOKMARK [2][-]{subsection.3.12.1}{\376\377\0003\000.\0001\0002\000.\0001\000\040\000D\000e\000t\000a\000i\000l\000e\000d\000\040\000D\000e\000s\000c\000r\000i\000p\000t\000i\000o\000n}{section.3.12}% 28
\BOOKMARK [1][-]{section.3.13}{\376\377\0003\000.\0001\0003\000\040\000i\000t\000.\000p\000o\000l\000i\000m\000i\000.\000s\000e\000.\000c\000a\000l\000c\000a\000r\000e\000.\000s\000e\000r\000v\000i\000c\000e\000.\000E\000v\000e\000n\000t\000F\000a\000c\000a\000d\000e\000R\000E\000S\000T\000\040\000C\000l\000a\000s\000s\000\040\000R\000e\000f\000e\000r\000e\000n\000c\000e}{chapter.3}% 29
\BOOKMARK [2][-]{subsection.3.13.1}{\376\377\0003\000.\0001\0003\000.\0001\000\040\000D\000e\000t\000a\000i\000l\000e\000d\000\040\000D\000e\000s\000c\000r\000i\000p\000t\000i\000o\000n}{section.3.13}% 30
\BOOKMARK [1][-]{section.3.14}{\376\377\0003\000.\0001\0004\000\040\000i\000t\000.\000p\000o\000l\000i\000m\000i\000.\000s\000e\000.\000c\000a\000l\000c\000a\000r\000e\000.\000e\000n\000t\000i\000t\000i\000e\000s\000.\000F\000o\000r\000e\000c\000a\000s\000t\000\040\000C\000l\000a\000s\000s\000\040\000R\000e\000f\000e\000r\000e\000n\000c\000e}{chapter.3}% 31
\BOOKMARK [2][-]{subsection.3.14.1}{\376\377\0003\000.\0001\0004\000.\0001\000\040\000D\000e\000t\000a\000i\000l\000e\000d\000\040\000D\000e\000s\000c\000r\000i\000p\000t\000i\000o\000n}{section.3.14}% 32
\BOOKMARK [1][-]{section.3.15}{\376\377\0003\000.\0001\0005\000\040\000i\000t\000.\000p\000o\000l\000i\000m\000i\000.\000s\000e\000.\000c\000a\000l\000c\000a\000r\000e\000.\000s\000e\000r\000v\000i\000c\000e\000.\000F\000o\000r\000e\000c\000a\000s\000t\000F\000a\000c\000a\000d\000e\000R\000E\000S\000T\000\040\000C\000l\000a\000s\000s\000\040\000R\000e\000f\000e\000r\000e\000n\000c\000e}{chapter.3}% 33
\BOOKMARK [2][-]{subsection.3.15.1}{\376\377\0003\000.\0001\0005\000.\0001\000\040\000D\000e\000t\000a\000i\000l\000e\000d\000\040\000D\000e\000s\000c\000r\000i\000p\000t\000i\000o\000n}{section.3.15}% 34
\BOOKMARK [1][-]{section.3.16}{\376\377\0003\000.\0001\0006\000\040\000i\000t\000.\000p\000o\000l\000i\000m\000i\000.\000s\000e\000.\000c\000a\000l\000c\000a\000r\000e\000.\000e\000n\000t\000i\000t\000i\000e\000s\000.\000F\000o\000r\000e\000c\000a\000s\000t\000P\000K\000\040\000C\000l\000a\000s\000s\000\040\000R\000e\000f\000e\000r\000e\000n\000c\000e}{chapter.3}% 35
\BOOKMARK [2][-]{subsection.3.16.1}{\376\377\0003\000.\0001\0006\000.\0001\000\040\000D\000e\000t\000a\000i\000l\000e\000d\000\040\000D\000e\000s\000c\000r\000i\000p\000t\000i\000o\000n}{section.3.16}% 36
\BOOKMARK [1][-]{section.3.17}{\376\377\0003\000.\0001\0007\000\040\000i\000t\000.\000p\000o\000l\000i\000m\000i\000.\000s\000e\000.\000c\000a\000l\000c\000a\000r\000e\000.\000s\000e\000r\000v\000i\000c\000e\000.\000G\000e\000t\000W\000e\000a\000t\000h\000e\000r\000\040\000C\000l\000a\000s\000s\000\040\000R\000e\000f\000e\000r\000e\000n\000c\000e}{chapter.3}% 37
\BOOKMARK [2][-]{subsection.3.17.1}{\376\377\0003\000.\0001\0007\000.\0001\000\040\000D\000e\000t\000a\000i\000l\000e\000d\000\040\000D\000e\000s\000c\000r\000i\000p\000t\000i\000o\000n}{section.3.17}% 38
\BOOKMARK [1][-]{section.3.18}{\376\377\0003\000.\0001\0008\000\040\000i\000t\000.\000p\000o\000l\000i\000m\000i\000.\000s\000e\000.\000c\000a\000l\000c\000a\000r\000e\000.\000s\000e\000r\000v\000i\000c\000e\000.\000G\000e\000t\000W\000e\000a\000t\000h\000e\000r\000T\000e\000s\000t\000\040\000C\000l\000a\000s\000s\000\040\000R\000e\000f\000e\000r\000e\000n\000c\000e}{chapter.3}% 39
\BOOKMARK [2][-]{subsection.3.18.1}{\376\377\0003\000.\0001\0008\000.\0001\000\040\000D\000e\000t\000a\000i\000l\000e\000d\000\040\000D\000e\000s\000c\000r\000i\000p\000t\000i\000o\000n}{section.3.18}% 40
\BOOKMARK [1][-]{section.3.19}{\376\377\0003\000.\0001\0009\000\040\000i\000t\000.\000p\000o\000l\000i\000m\000i\000.\000s\000e\000.\000c\000a\000l\000c\000a\000r\000e\000.\000J\000S\000O\000N\000E\000x\000c\000e\000p\000t\000i\000o\000n\000M\000a\000p\000p\000e\000r\000\040\000C\000l\000a\000s\000s\000\040\000R\000e\000f\000e\000r\000e\000n\000c\000e}{chapter.3}% 41
\BOOKMARK [2][-]{subsection.3.19.1}{\376\377\0003\000.\0001\0009\000.\0001\000\040\000D\000e\000t\000a\000i\000l\000e\000d\000\040\000D\000e\000s\000c\000r\000i\000p\000t\000i\000o\000n}{section.3.19}% 42
\BOOKMARK [1][-]{section.3.20}{\376\377\0003\000.\0002\0000\000\040\000i\000t\000.\000p\000o\000l\000i\000m\000i\000.\000s\000e\000.\000c\000a\000l\000c\000a\000r\000e\000.\000h\000e\000l\000p\000e\000r\000s\000.\000J\000W\000T\000H\000e\000l\000p\000e\000r\000\040\000C\000l\000a\000s\000s\000\040\000R\000e\000f\000e\000r\000e\000n\000c\000e}{chapter.3}% 43
\BOOKMARK [2][-]{subsection.3.20.1}{\376\377\0003\000.\0002\0000\000.\0001\000\040\000D\000e\000t\000a\000i\000l\000e\000d\000\040\000D\000e\000s\000c\000r\000i\000p\000t\000i\000o\000n}{section.3.20}% 44
\BOOKMARK [1][-]{section.3.21}{\376\377\0003\000.\0002\0001\000\040\000i\000t\000.\000p\000o\000l\000i\000m\000i\000.\000s\000e\000.\000c\000a\000l\000c\000a\000r\000e\000.\000e\000n\000t\000i\000t\000i\000e\000s\000.\000N\000o\000t\000i\000f\000i\000c\000a\000t\000i\000o\000n\000\040\000C\000l\000a\000s\000s\000\040\000R\000e\000f\000e\000r\000e\000n\000c\000e}{chapter.3}% 45
\BOOKMARK [2][-]{subsection.3.21.1}{\376\377\0003\000.\0002\0001\000.\0001\000\040\000D\000e\000t\000a\000i\000l\000e\000d\000\040\000D\000e\000s\000c\000r\000i\000p\000t\000i\000o\000n}{section.3.21}% 46
\BOOKMARK [1][-]{section.3.22}{\376\377\0003\000.\0002\0002\000\040\000i\000t\000.\000p\000o\000l\000i\000m\000i\000.\000s\000e\000.\000c\000a\000l\000c\000a\000r\000e\000.\000s\000e\000r\000v\000i\000c\000e\000.\000N\000o\000t\000i\000f\000i\000c\000a\000t\000i\000o\000n\000F\000a\000c\000a\000d\000e\000R\000E\000S\000T\000\040\000C\000l\000a\000s\000s\000\040\000R\000e\000f\000e\000r\000e\000n\000c\000e}{chapter.3}% 47
\BOOKMARK [2][-]{subsection.3.22.1}{\376\377\0003\000.\0002\0002\000.\0001\000\040\000D\000e\000t\000a\000i\000l\000e\000d\000\040\000D\000e\000s\000c\000r\000i\000p\000t\000i\000o\000n}{section.3.22}% 48
\BOOKMARK [1][-]{section.3.23}{\376\377\0003\000.\0002\0003\000\040\000i\000t\000.\000p\000o\000l\000i\000m\000i\000.\000s\000e\000.\000c\000a\000l\000c\000a\000r\000e\000.\000h\000e\000l\000p\000e\000r\000s\000.\000N\000o\000t\000i\000f\000i\000c\000a\000t\000i\000o\000n\000H\000e\000l\000p\000e\000r\000\040\000C\000l\000a\000s\000s\000\040\000R\000e\000f\000e\000r\000e\000n\000c\000e}{chapter.3}% 49
\BOOKMARK [2][-]{subsection.3.23.1}{\376\377\0003\000.\0002\0003\000.\0001\000\040\000D\000e\000t\000a\000i\000l\000e\000d\000\040\000D\000e\000s\000c\000r\000i\000p\000t\000i\000o\000n}{section.3.23}% 50
\BOOKMARK [1][-]{section.3.24}{\376\377\0003\000.\0002\0004\000\040\000i\000t\000.\000p\000o\000l\000i\000m\000i\000.\000s\000e\000.\000c\000a\000l\000c\000a\000r\000e\000.\000e\000n\000t\000i\000t\000i\000e\000s\000.\000N\000o\000t\000i\000f\000i\000c\000a\000t\000i\000o\000n\000T\000y\000p\000e\000\040\000C\000l\000a\000s\000s\000\040\000R\000e\000f\000e\000r\000e\000n\000c\000e}{chapter.3}% 51
\BOOKMARK [2][-]{subsection.3.24.1}{\376\377\0003\000.\0002\0004\000.\0001\000\040\000D\000e\000t\000a\000i\000l\000e\000d\000\040\000D\000e\000s\000c\000r\000i\000p\000t\000i\000o\000n}{section.3.24}% 52
\BOOKMARK [1][-]{section.3.25}{\376\377\0003\000.\0002\0005\000\040\000i\000t\000.\000p\000o\000l\000i\000m\000i\000.\000s\000e\000.\000c\000a\000l\000c\000a\000r\000e\000.\000e\000n\000t\000i\000t\000i\000e\000s\000.\000P\000a\000r\000t\000i\000c\000i\000p\000a\000t\000i\000o\000n\000\040\000C\000l\000a\000s\000s\000\040\000R\000e\000f\000e\000r\000e\000n\000c\000e}{chapter.3}% 53
\BOOKMARK [2][-]{subsection.3.25.1}{\376\377\0003\000.\0002\0005\000.\0001\000\040\000D\000e\000t\000a\000i\000l\000e\000d\000\040\000D\000e\000s\000c\000r\000i\000p\000t\000i\000o\000n}{section.3.25}% 54
\BOOKMARK [1][-]{section.3.26}{\376\377\0003\000.\0002\0006\000\040\000i\000t\000.\000p\000o\000l\000i\000m\000i\000.\000s\000e\000.\000c\000a\000l\000c\000a\000r\000e\000.\000s\000e\000r\000v\000i\000c\000e\000.\000P\000a\000r\000t\000i\000c\000i\000p\000a\000t\000i\000o\000n\000F\000a\000c\000a\000d\000e\000R\000E\000S\000T\000\040\000C\000l\000a\000s\000s\000\040\000R\000e\000f\000e\000r\000e\000n\000c\000e}{chapter.3}% 55
\BOOKMARK [2][-]{subsection.3.26.1}{\376\377\0003\000.\0002\0006\000.\0001\000\040\000D\000e\000t\000a\000i\000l\000e\000d\000\040\000D\000e\000s\000c\000r\000i\000p\000t\000i\000o\000n}{section.3.26}% 56
\BOOKMARK [1][-]{section.3.27}{\376\377\0003\000.\0002\0007\000\040\000i\000t\000.\000p\000o\000l\000i\000m\000i\000.\000s\000e\000.\000c\000a\000l\000c\000a\000r\000e\000.\000e\000n\000t\000i\000t\000i\000e\000s\000.\000P\000a\000r\000t\000i\000c\000i\000p\000a\000t\000i\000o\000n\000P\000K\000\040\000C\000l\000a\000s\000s\000\040\000R\000e\000f\000e\000r\000e\000n\000c\000e}{chapter.3}% 57
\BOOKMARK [2][-]{subsection.3.27.1}{\376\377\0003\000.\0002\0007\000.\0001\000\040\000D\000e\000t\000a\000i\000l\000e\000d\000\040\000D\000e\000s\000c\000r\000i\000p\000t\000i\000o\000n}{section.3.27}% 58
\BOOKMARK [1][-]{section.3.28}{\376\377\0003\000.\0002\0008\000\040\000i\000t\000.\000p\000o\000l\000i\000m\000i\000.\000s\000e\000.\000c\000a\000l\000c\000a\000r\000e\000.\000a\000u\000t\000h\000.\000P\000a\000s\000s\000w\000o\000r\000d\000\040\000C\000l\000a\000s\000s\000\040\000R\000e\000f\000e\000r\000e\000n\000c\000e}{chapter.3}% 59
\BOOKMARK [2][-]{subsection.3.28.1}{\376\377\0003\000.\0002\0008\000.\0001\000\040\000M\000e\000m\000b\000e\000r\000\040\000F\000u\000n\000c\000t\000i\000o\000n\000\040\000D\000o\000c\000u\000m\000e\000n\000t\000a\000t\000i\000o\000n}{section.3.28}% 60
\BOOKMARK [3][-]{subsubsection.3.28.1.1}{\376\377\0003\000.\0002\0008\000.\0001\000.\0001\000\040\000c\000h\000e\000c\000k}{subsection.3.28.1}% 61
\BOOKMARK [3][-]{subsubsection.3.28.1.2}{\376\377\0003\000.\0002\0008\000.\0001\000.\0002\000\040\000g\000e\000t\000S\000a\000l\000t\000e\000d\000H\000a\000s\000h}{subsection.3.28.1}% 62
\BOOKMARK [1][-]{section.3.29}{\376\377\0003\000.\0002\0009\000\040\000i\000t\000.\000p\000o\000l\000i\000m\000i\000.\000s\000e\000.\000c\000a\000l\000c\000a\000r\000e\000.\000a\000u\000t\000h\000.\000S\000e\000c\000u\000r\000i\000t\000y\000C\000o\000n\000t\000e\000x\000t\000\040\000C\000l\000a\000s\000s\000\040\000R\000e\000f\000e\000r\000e\000n\000c\000e}{chapter.3}% 63
\BOOKMARK [2][-]{subsection.3.29.1}{\376\377\0003\000.\0002\0009\000.\0001\000\040\000D\000e\000t\000a\000i\000l\000e\000d\000\040\000D\000e\000s\000c\000r\000i\000p\000t\000i\000o\000n}{section.3.29}% 64
\BOOKMARK [1][-]{section.3.30}{\376\377\0003\000.\0003\0000\000\040\000i\000t\000.\000p\000o\000l\000i\000m\000i\000.\000s\000e\000.\000c\000a\000l\000c\000a\000r\000e\000.\000h\000e\000l\000p\000e\000r\000s\000.\000S\000e\000n\000d\000M\000a\000i\000l\000\040\000C\000l\000a\000s\000s\000\040\000R\000e\000f\000e\000r\000e\000n\000c\000e}{chapter.3}% 65
\BOOKMARK [1][-]{section.3.31}{\376\377\0003\000.\0003\0001\000\040\000i\000t\000.\000p\000o\000l\000i\000m\000i\000.\000s\000e\000.\000c\000a\000l\000c\000a\000r\000e\000.\000e\000n\000t\000i\000t\000i\000e\000s\000.\000U\000s\000e\000r\000\040\000C\000l\000a\000s\000s\000\040\000R\000e\000f\000e\000r\000e\000n\000c\000e}{chapter.3}% 66
\BOOKMARK [2][-]{subsection.3.31.1}{\376\377\0003\000.\0003\0001\000.\0001\000\040\000D\000e\000t\000a\000i\000l\000e\000d\000\040\000D\000e\000s\000c\000r\000i\000p\000t\000i\000o\000n}{section.3.31}% 67
\BOOKMARK [1][-]{section.3.32}{\376\377\0003\000.\0003\0002\000\040\000i\000t\000.\000p\000o\000l\000i\000m\000i\000.\000s\000e\000.\000c\000a\000l\000c\000a\000r\000e\000.\000s\000e\000r\000v\000i\000c\000e\000.\000U\000s\000e\000r\000F\000a\000c\000a\000d\000e\000R\000E\000S\000T\000\040\000C\000l\000a\000s\000s\000\040\000R\000e\000f\000e\000r\000e\000n\000c\000e}{chapter.3}% 68
\BOOKMARK [2][-]{subsection.3.32.1}{\376\377\0003\000.\0003\0002\000.\0001\000\040\000D\000e\000t\000a\000i\000l\000e\000d\000\040\000D\000e\000s\000c\000r\000i\000p\000t\000i\000o\000n}{section.3.32}% 69
\BOOKMARK [1][-]{section.3.33}{\376\377\0003\000.\0003\0003\000\040\000i\000t\000.\000p\000o\000l\000i\000m\000i\000.\000s\000e\000.\000c\000a\000l\000c\000a\000r\000e\000.\000e\000n\000t\000i\000t\000i\000e\000s\000.\000W\000e\000a\000t\000h\000e\000r\000C\000o\000n\000d\000i\000t\000i\000o\000n\000\040\000C\000l\000a\000s\000s\000\040\000R\000e\000f\000e\000r\000e\000n\000c\000e}{chapter.3}% 70
\BOOKMARK [2][-]{subsection.3.33.1}{\376\377\0003\000.\0003\0003\000.\0001\000\040\000D\000e\000t\000a\000i\000l\000e\000d\000\040\000D\000e\000s\000c\000r\000i\000p\000t\000i\000o\000n}{section.3.33}% 71
\BOOKMARK [1][-]{section.3.34}{\376\377\0003\000.\0003\0004\000\040\000i\000t\000.\000p\000o\000l\000i\000m\000i\000.\000s\000e\000.\000c\000a\000l\000c\000a\000r\000e\000.\000s\000e\000r\000v\000i\000c\000e\000.\000W\000e\000a\000t\000h\000e\000r\000C\000o\000n\000d\000i\000t\000i\000o\000n\000F\000a\000c\000a\000d\000e\000R\000E\000S\000T\000\040\000C\000l\000a\000s\000s\000\040\000R\000e\000f\000e\000r\000e\000n\000c\000e}{chapter.3}% 72
\BOOKMARK [2][-]{subsection.3.34.1}{\376\377\0003\000.\0003\0004\000.\0001\000\040\000D\000e\000t\000a\000i\000l\000e\000d\000\040\000D\000e\000s\000c\000r\000i\000p\000t\000i\000o\000n}{section.3.34}% 73
\BOOKMARK [0][-]{section*.51}{\376\377\000I\000n\000d\000e\000x}{}% 74
